<<<<<<< HEAD
{"content": {"suites": {"0": {"status": {"total_pass": 3, "total_skip": 0, "total_xpass": 0, "total_xfail": 0, "total_rerun": 0, "total_fail": 3, "total_error": 0}, "tests": {"0": {"status": "PASS", "message": "", "test_name": "test_1", "rerun": "0"}, "1": {"status": "PASS", "message": "", "test_name": "test_2", "rerun": "0"}, "2": {"status": "PASS", "message": "", "test_name": "test_3", "rerun": "0"}, "3": {"status": "FAIL", "message": "   AttributeError: 'AuthPage' object has no attribute 'equal'\n", "test_name": "test_successful_login", "rerun": "0"}, "4": {"status": "FAIL", "message": "   AttributeError: 'AuthPage' object has no attribute 'equal'\n", "test_name": "test_unsuccessful_login", "rerun": "0"}, "5": {"status": "FAIL", "message": "   AttributeError: 'AuthPage' object has no attribute 'equal'\n", "test_name": "test_logout", "rerun": "0"}}, "suite_name": "tests/test_auth.py"}, "1": {"suite_name": "tests/test_main_page.py", "tests": {"0": {"status": "PASS", "message": "", "test_name": "test_sort_price", "rerun": "0"}}, "status": {"total_pass": 1, "total_skip": 0, "total_xpass": 0, "total_xfail": 0, "total_rerun": 0, "total_fail": 0, "total_error": 0}}, "2": {"suite_name": "tests/test_rerun.py", "tests": {"0": {"status": "FAIL", "message": "   assert 1 == 5\n    +  where 5 = <bound method Random.choice of <random.Random object at 0x000002A3171A0CE0>>([1, 2, 3, 4, 5, 6])\n    +    where <bound method Random.choice of <random.Random object at 0x000002A3171A0CE0>> = random.choice\n", "test_name": "test_1", "rerun": "0"}}, "status": {"total_pass": 0, "total_skip": 0, "total_xpass": 0, "total_xfail": 0, "total_rerun": 0, "total_fail": 1, "total_error": 0}}}}, "date": "October 19, 2022", "start_time": 1666205321.3946652, "total_suite": 3, "status": "FAIL", "status_list": {"pass": "4", "fail": "4", "skip": "0", "error": "0", "xpass": "0", "xfail": "0", "rerun": "0"}, "total_tests": "8"}
=======
{"content": {"suites": {"0": {"status": {"total_pass": 4, "total_skip": 0, "total_xpass": 0, "total_xfail": 0, "total_rerun": 0, "total_fail": 2, "total_error": 0}, "tests": {"0": {"status": "PASS", "message": "", "test_name": "test_1", "rerun": "0"}, "1": {"status": "PASS", "message": "", "test_name": "test_2", "rerun": "0"}, "2": {"status": "PASS", "message": "", "test_name": "test_3", "rerun": "0"}, "3": {"status": "FAIL", "message": "   selenium.common.exceptions.TimeoutException: Message: \n   Stacktrace:\n   Backtrace:\n   \tOrdinal0 [0x00701ED3+2236115]\n   \tOrdinal0 [0x006992F1+1807089]\n   \tOrdinal0 [0x005A66FD+812797]\n   \tOrdinal0 [0x005D55DF+1005023]\n   \tOrdinal0 [0x005D57CB+1005515]\n   \tOrdinal0 [0x00607632+1209906]\n   \tOrdinal0 [0x005F1AD4+1120980]\n   \tOrdinal0 [0x006059E2+1202658]\n   \tOrdinal0 [0x005F18A6+1120422]\n   \tOrdinal0 [0x005CA73D+960317]\n   \tOrdinal0 [0x005CB71F+964383]\n   \tGetHandleVerifier [0x009AE7E2+2743074]\n   \tGetHandleVerifier [0x009A08D4+2685972]\n   \tGetHandleVerifier [0x00792BAA+532202]\n   \tGetHandleVerifier [0x00791990+527568]\n   \tOrdinal0 [0x006A080C+1837068]\n   \tOrdinal0 [0x006A4CD8+1854680]\n   \tOrdinal0 [0x006A4DC5+1854917]\n   \tOrdinal0 [0x006AED64+1895780]\n   \tBaseThreadInitThunk [0x76EDFA29+25]\n   \tRtlGetAppContainerNamedObjectPath [0x771C7BBE+286]\n   \tRtlGetAppContainerNamedObjectPath [0x771C7B8E+238]\n", "test_name": "test_successful_login", "rerun": "0"}, "4": {"status": "PASS", "message": "", "test_name": "test_unsuccessful_login", "rerun": "0"}, "5": {"status": "FAIL", "message": "   selenium.common.exceptions.TimeoutException: Message: \n   Stacktrace:\n   Backtrace:\n   \tOrdinal0 [0x00701ED3+2236115]\n   \tOrdinal0 [0x006992F1+1807089]\n   \tOrdinal0 [0x005A66FD+812797]\n   \tOrdinal0 [0x005D55DF+1005023]\n   \tOrdinal0 [0x005D57CB+1005515]\n   \tOrdinal0 [0x00607632+1209906]\n   \tOrdinal0 [0x005F1AD4+1120980]\n   \tOrdinal0 [0x006059E2+1202658]\n   \tOrdinal0 [0x005F18A6+1120422]\n   \tOrdinal0 [0x005CA73D+960317]\n   \tOrdinal0 [0x005CB71F+964383]\n   \tGetHandleVerifier [0x009AE7E2+2743074]\n   \tGetHandleVerifier [0x009A08D4+2685972]\n   \tGetHandleVerifier [0x00792BAA+532202]\n   \tGetHandleVerifier [0x00791990+527568]\n   \tOrdinal0 [0x006A080C+1837068]\n   \tOrdinal0 [0x006A4CD8+1854680]\n   \tOrdinal0 [0x006A4DC5+1854917]\n   \tOrdinal0 [0x006AED64+1895780]\n   \tBaseThreadInitThunk [0x76EDFA29+25]\n   \tRtlGetAppContainerNamedObjectPath [0x771C7BBE+286]\n   \tRtlGetAppContainerNamedObjectPath [0x771C7B8E+238]\n", "test_name": "test_logout", "rerun": "0"}}, "suite_name": "tests/test_auth.py"}, "1": {"suite_name": "tests/test_main_page.py", "tests": {"0": {"status": "FAIL", "message": "   selenium.common.exceptions.TimeoutException: Message: \n   Stacktrace:\n   Backtrace:\n   \tOrdinal0 [0x00701ED3+2236115]\n   \tOrdinal0 [0x006992F1+1807089]\n   \tOrdinal0 [0x005A66FD+812797]\n   \tOrdinal0 [0x005D55DF+1005023]\n   \tOrdinal0 [0x005D57CB+1005515]\n   \tOrdinal0 [0x00607632+1209906]\n   \tOrdinal0 [0x005F1AD4+1120980]\n   \tOrdinal0 [0x006059E2+1202658]\n   \tOrdinal0 [0x005F18A6+1120422]\n   \tOrdinal0 [0x005CA73D+960317]\n   \tOrdinal0 [0x005CB71F+964383]\n   \tGetHandleVerifier [0x009AE7E2+2743074]\n   \tGetHandleVerifier [0x009A08D4+2685972]\n   \tGetHandleVerifier [0x00792BAA+532202]\n   \tGetHandleVerifier [0x00791990+527568]\n   \tOrdinal0 [0x006A080C+1837068]\n   \tOrdinal0 [0x006A4CD8+1854680]\n   \tOrdinal0 [0x006A4DC5+1854917]\n   \tOrdinal0 [0x006AED64+1895780]\n   \tBaseThreadInitThunk [0x76EDFA29+25]\n   \tRtlGetAppContainerNamedObjectPath [0x771C7BBE+286]\n   \tRtlGetAppContainerNamedObjectPath [0x771C7B8E+238]\n", "test_name": "test_sort_price", "rerun": "0"}}, "status": {"total_pass": 0, "total_skip": 0, "total_xpass": 0, "total_xfail": 0, "total_rerun": 0, "total_fail": 1, "total_error": 0}}}}, "date": "October 26, 2022", "start_time": 1666734403.78894, "total_suite": 2, "status": "FAIL", "status_list": {"pass": "4", "fail": "3", "skip": "0", "error": "0", "xpass": "0", "xfail": "0", "rerun": "0"}, "total_tests": "7"}
>>>>>>> 5016f3a (update)
